Performing C SOURCE FILE Test CMAKE_HAVE_LIBC_PTHREAD failed with the following output:
Change Dir: /home/liubiao/Desktop/Adjust_Version/build/CMakeFiles/CMakeTmp

Run Build Command(s):/usr/bin/make cmTC_02ab1/fast && /usr/bin/make -f CMakeFiles/cmTC_02ab1.dir/build.make CMakeFiles/cmTC_02ab1.dir/build
make[1]: Entering directory '/home/liubiao/Desktop/Adjust_Version/build/CMakeFiles/CMakeTmp'
Building C object CMakeFiles/cmTC_02ab1.dir/src.c.o
/usr/bin/gcc   -std=c++11 -march=native -DCMAKE_HAVE_LIBC_PTHREAD   -o CMakeFiles/cmTC_02ab1.dir/src.c.o   -c /home/liubiao/Desktop/Adjust_Version/build/CMakeFiles/CMakeTmp/src.c
cc1: warning: command line option ‘-std=c++11’ is valid for C++/ObjC++ but not for C
Linking C executable cmTC_02ab1
/usr/bin/cmake -E cmake_link_script CMakeFiles/cmTC_02ab1.dir/link.txt --verbose=1
/usr/bin/gcc  -std=c++11 -march=native -DCMAKE_HAVE_LIBC_PTHREAD    -rdynamic CMakeFiles/cmTC_02ab1.dir/src.c.o  -o cmTC_02ab1 
/usr/bin/ld: CMakeFiles/cmTC_02ab1.dir/src.c.o: in function `main':
src.c:(.text+0x46): undefined reference to `pthread_create'
/usr/bin/ld: src.c:(.text+0x52): undefined reference to `pthread_detach'
/usr/bin/ld: src.c:(.text+0x63): undefined reference to `pthread_join'
collect2: error: ld returned 1 exit status
make[1]: *** [CMakeFiles/cmTC_02ab1.dir/build.make:87: cmTC_02ab1] Error 1
make[1]: Leaving directory '/home/liubiao/Desktop/Adjust_Version/build/CMakeFiles/CMakeTmp'
make: *** [Makefile:121: cmTC_02ab1/fast] Error 2


Source file was:
#include <pthread.h>

void* test_func(void* data)
{
  return data;
}

int main(void)
{
  pthread_t thread;
  pthread_create(&thread, NULL, test_func, NULL);
  pthread_detach(thread);
  pthread_join(thread, NULL);
  pthread_atfork(NULL, NULL, NULL);
  pthread_exit(NULL);

  return 0;
}

Determining if the function pthread_create exists in the pthreads failed with the following output:
Change Dir: /home/liubiao/Desktop/Adjust_Version/build/CMakeFiles/CMakeTmp

Run Build Command(s):/usr/bin/make cmTC_4a02e/fast && /usr/bin/make -f CMakeFiles/cmTC_4a02e.dir/build.make CMakeFiles/cmTC_4a02e.dir/build
make[1]: Entering directory '/home/liubiao/Desktop/Adjust_Version/build/CMakeFiles/CMakeTmp'
Building C object CMakeFiles/cmTC_4a02e.dir/CheckFunctionExists.c.o
/usr/bin/gcc   -std=c++11 -march=native -DCHECK_FUNCTION_EXISTS=pthread_create   -o CMakeFiles/cmTC_4a02e.dir/CheckFunctionExists.c.o   -c /usr/share/cmake-3.16/Modules/CheckFunctionExists.c
cc1: warning: command line option ‘-std=c++11’ is valid for C++/ObjC++ but not for C
Linking C executable cmTC_4a02e
/usr/bin/cmake -E cmake_link_script CMakeFiles/cmTC_4a02e.dir/link.txt --verbose=1
/usr/bin/gcc  -std=c++11 -march=native -DCHECK_FUNCTION_EXISTS=pthread_create    -rdynamic CMakeFiles/cmTC_4a02e.dir/CheckFunctionExists.c.o  -o cmTC_4a02e  -lpthreads 
/usr/bin/ld: cannot find -lpthreads
collect2: error: ld returned 1 exit status
make[1]: *** [CMakeFiles/cmTC_4a02e.dir/build.make:87: cmTC_4a02e] Error 1
make[1]: Leaving directory '/home/liubiao/Desktop/Adjust_Version/build/CMakeFiles/CMakeTmp'
make: *** [Makefile:121: cmTC_4a02e/fast] Error 2



